[lark-cli] auth-response: time=2026-05-26T16:59:51.0887259+08:00 path=/oauth/v1/device_authorization status=200 x-tt-logid=202605261659567B502374EFB8AEA4B806 cmdline=lark-cli auth login ...
[lark-cli] auth-response: time=2026-05-26T16:59:56.1481719+08:00 path=/open-apis/authen/v2/oauth/token status=400 x-tt-logid=20260526170001AA6AF1D010C0C99C12CE cmdline=lark-cli auth login ...
[lark-cli] auth-response: time=2026-05-26T17:00:01.315384+08:00 path=/open-apis/authen/v2/oauth/token status=400 x-tt-logid=202605261700063AF2DB96B946F391C3DC cmdline=lark-cli auth login ...
[lark-cli] auth-response: time=2026-05-26T17:00:06.3733923+08:00 path=/open-apis/authen/v2/oauth/token status=400 x-tt-logid=2026052617001144D1DDEA8D4520C914E8 cmdline=lark-cli auth login ...
[lark-cli] auth-response: time=2026-05-26T17:00:11.4320887+08:00 path=/open-apis/authen/v2/oauth/token status=400 x-tt-logid=20260526170016AA6AF1D010C0C99C20BD cmdline=lark-cli auth login ...
[lark-cli] auth-response: time=2026-05-26T17:00:16.4931144+08:00 path=/open-apis/authen/v2/oauth/token status=400 x-tt-logid=20260526170021AA6AF1D010C0C99C258E cmdline=lark-cli auth login ...
[lark-cli] auth-response: time=2026-05-26T17:00:21.5746016+08:00 path=/open-apis/authen/v2/oauth/token status=400 x-tt-logid=202605261700269FC2EF71FDF602BA13BF cmdline=lark-cli auth login ...
[lark-cli] auth-response: time=2026-05-26T17:00:26.6462289+08:00 path=/open-apis/authen/v2/oauth/token status=400 x-tt-logid=202605261700318213E5FC4910E4983E37 cmdline=lark-cli auth login ...
[lark-cli] auth-response: time=2026-05-26T17:00:31.7237468+08:00 path=/open-apis/authen/v2/oauth/token status=400 x-tt-logid=202605261700369FC2EF71FDF602BA1D3F cmdline=lark-cli auth login ...
[lark-cli] auth-response: time=2026-05-26T17:00:36.7912272+08:00 path=/open-apis/authen/v2/oauth/token status=400 x-tt-logid=2026052617004244D1DDEA8D4520C930A1 cmdline=lark-cli auth login ...
[lark-cli] auth-response: time=2026-05-26T17:00:41.8703679+08:00 path=/open-apis/authen/v2/oauth/token status=400 x-tt-logid=2026052617004744D1DDEA8D4520C93517 cmdline=lark-cli auth login ...
[lark-cli] auth-response: time=2026-05-26T17:00:46.9590651+08:00 path=/open-apis/authen/v2/oauth/token status=400 x-tt-logid=2026052617005237A25FB5CF427493B27B cmdline=lark-cli auth login ...
[lark-cli] auth-response: time=2026-05-26T17:00:52.0567694+08:00 path=/open-apis/authen/v2/oauth/token status=400 x-tt-logid=202605261700578213E5FC4910E498576F cmdline=lark-cli auth login ...
[lark-cli] auth-response: time=2026-05-26T17:00:57.123678+08:00 path=/open-apis/authen/v2/oauth/token status=400 x-tt-logid=202605261701028213E5FC4910E4985B6A cmdline=lark-cli auth login ...
[lark-cli] auth-response: time=2026-05-26T17:01:02.2130335+08:00 path=/open-apis/authen/v2/oauth/token status=400 x-tt-logid=2026052617010737A25FB5CF427493C0D6 cmdline=lark-cli auth login ...
[lark-cli] auth-response: time=2026-05-26T17:01:07.2693305+08:00 path=/open-apis/authen/v2/oauth/token status=400 x-tt-logid=20260526170112B946F69209D87A8F7531 cmdline=lark-cli auth login ...
[lark-cli] auth-response: time=2026-05-26T17:01:12.4081175+08:00 path=/open-apis/authen/v2/oauth/token status=400 x-tt-logid=2026052617011737A25FB5CF427493C92F cmdline=lark-cli auth login ...
[lark-cli] auth-response: time=2026-05-26T17:01:17.4806035+08:00 path=/open-apis/authen/v2/oauth/token status=400 x-tt-logid=20260526170122B946F69209D87A8F7F58 cmdline=lark-cli auth login ...
[lark-cli] auth-response: time=2026-05-26T17:01:22.5514274+08:00 path=/open-apis/authen/v2/oauth/token status=400 x-tt-logid=20260526170127781FEB554117F4908D15 cmdline=lark-cli auth login ...
[lark-cli] auth-response: time=2026-05-26T17:01:27.6945518+08:00 path=/open-apis/authen/v2/oauth/token status=400 x-tt-logid=2026052617013246E69C249364078FF627 cmdline=lark-cli auth login ...
[lark-cli] auth-response: time=2026-05-26T17:01:32.7742749+08:00 path=/open-apis/authen/v2/oauth/token status=400 x-tt-logid=2026052617013810CAB61ABE468B9EE282 cmdline=lark-cli auth login ...
[lark-cli] auth-response: time=2026-05-26T17:01:37.8408423+08:00 path=/open-apis/authen/v2/oauth/token status=400 x-tt-logid=2026052617014346E69C2493640790001C cmdline=lark-cli auth login ...
[lark-cli] auth-response: time=2026-05-26T17:01:43.1613273+08:00 path=/open-apis/authen/v2/oauth/token status=200 x-tt-logid=202605261701480EBAEA88F687FB93F74F cmdline=lark-cli auth login ...
