[lark-cli] auth-response: time=2026-06-14T09:47:15.4911953+08:00 path=/open-apis/authen/v2/oauth/token status=200 x-tt-logid=2026061409471912C5E9563C02BF5EFC1F cmdline=C:\Users\jt\.workbuddy\binaries\node\workspace\node_modules\@larksuite\cli\bin\lark-cli.exe base +base-get ...
[lark-cli] auth-response: time=2026-06-14T09:47:24.6296053+08:00 path=/oauth/v1/device_authorization status=200 x-tt-logid=20260614094729D997D5C6A04C2862BEF4 cmdline=C:\Users\jt\.workbuddy\binaries\node\workspace\node_modules\@larksuite\cli\bin\lark-cli.exe auth login ...
[lark-cli] auth-response: time=2026-06-14T09:48:32.2118766+08:00 path=/oauth/v1/device_authorization status=200 x-tt-logid=20260614094836A0707C05DBAAE159AD9C cmdline=C:\Users\jt\.workbuddy\binaries\node\workspace\node_modules\@larksuite\cli\bin\lark-cli.exe auth login ...
[lark-cli] auth-response: time=2026-06-14T09:50:19.1782123+08:00 path=/open-apis/authen/v2/oauth/token status=200 x-tt-logid=20260614095023D2EB3515E164A259989D cmdline=C:\Users\jt\.workbuddy\binaries\node\workspace\node_modules\@larksuite\cli\bin\lark-cli.exe auth login ...
[lark-cli] auth-response: time=2026-06-14T09:50:44.4894528+08:00 path=/oauth/v1/device_authorization status=200 x-tt-logid=20260614095048FA9085D2DDA99E6536E8 cmdline=C:\Users\jt\.workbuddy\binaries\node\workspace\node_modules\@larksuite\cli\bin\lark-cli.exe auth login ...
[lark-cli] auth-response: time=2026-06-14T09:51:38.398466+08:00 path=/open-apis/authen/v2/oauth/token status=200 x-tt-logid=20260614095142BE6830FB9656CC65F774 cmdline=C:\Users\jt\.workbuddy\binaries\node\workspace\node_modules\@larksuite\cli\bin\lark-cli.exe auth login ...
[lark-cli] auth-response: time=2026-06-14T09:52:04.8977429+08:00 path=/oauth/v1/device_authorization status=200 x-tt-logid=20260614095209B31F4A25F0B9506FA098 cmdline=C:\Users\jt\.workbuddy\binaries\node\workspace\node_modules\@larksuite\cli\bin\lark-cli.exe auth login ...
[lark-cli] auth-response: time=2026-06-14T09:53:13.6340516+08:00 path=/oauth/v1/device_authorization status=200 x-tt-logid=20260614095318484505698489075CCA33 cmdline=C:\Users\jt\.workbuddy\binaries\node\workspace\node_modules\@larksuite\cli\bin\lark-cli.exe auth login ...
[lark-cli] auth-response: time=2026-06-14T09:54:47.3292099+08:00 path=/open-apis/authen/v2/oauth/token status=400 x-tt-logid=202606140954510E7B675A447E7B670D45 cmdline=C:\Users\jt\.workbuddy\binaries\node\workspace\node_modules\@larksuite\cli\bin\lark-cli.exe auth login ...
[lark-cli] auth-response: time=2026-06-14T09:54:52.4405836+08:00 path=/open-apis/authen/v2/oauth/token status=400 x-tt-logid=202606140954561D27495D410B366126E0 cmdline=C:\Users\jt\.workbuddy\binaries\node\workspace\node_modules\@larksuite\cli\bin\lark-cli.exe auth login ...
[lark-cli] auth-response: time=2026-06-14T09:54:57.5001576+08:00 path=/open-apis/authen/v2/oauth/token status=400 x-tt-logid=20260614095501F6BCDC75D7E7B05DD07B cmdline=C:\Users\jt\.workbuddy\binaries\node\workspace\node_modules\@larksuite\cli\bin\lark-cli.exe auth login ...
[lark-cli] auth-response: time=2026-06-14T09:55:02.5684629+08:00 path=/open-apis/authen/v2/oauth/token status=400 x-tt-logid=202606140955061F4D07AC18AC2B5EAE09 cmdline=C:\Users\jt\.workbuddy\binaries\node\workspace\node_modules\@larksuite\cli\bin\lark-cli.exe auth login ...
[lark-cli] auth-response: time=2026-06-14T09:55:07.6454983+08:00 path=/open-apis/authen/v2/oauth/token status=400 x-tt-logid=20260614095512F3577287EE062266F062 cmdline=C:\Users\jt\.workbuddy\binaries\node\workspace\node_modules\@larksuite\cli\bin\lark-cli.exe auth login ...
[lark-cli] auth-response: time=2026-06-14T09:55:12.7286849+08:00 path=/open-apis/authen/v2/oauth/token status=400 x-tt-logid=20260614095517F3577287EE062266F27A cmdline=C:\Users\jt\.workbuddy\binaries\node\workspace\node_modules\@larksuite\cli\bin\lark-cli.exe auth login ...
[lark-cli] auth-response: time=2026-06-14T09:55:17.8018482+08:00 path=/open-apis/authen/v2/oauth/token status=400 x-tt-logid=20260614095522F6BCDC75D7E7B05DD839 cmdline=C:\Users\jt\.workbuddy\binaries\node\workspace\node_modules\@larksuite\cli\bin\lark-cli.exe auth login ...
[lark-cli] auth-response: time=2026-06-14T09:55:22.8715483+08:00 path=/open-apis/authen/v2/oauth/token status=400 x-tt-logid=202606140955271DA1E6B1A7E084636B19 cmdline=C:\Users\jt\.workbuddy\binaries\node\workspace\node_modules\@larksuite\cli\bin\lark-cli.exe auth login ...
[lark-cli] auth-response: time=2026-06-14T09:55:27.9491425+08:00 path=/open-apis/authen/v2/oauth/token status=400 x-tt-logid=202606140955321DA1E6B1A7E084636C9A cmdline=C:\Users\jt\.workbuddy\binaries\node\workspace\node_modules\@larksuite\cli\bin\lark-cli.exe auth login ...
[lark-cli] auth-response: time=2026-06-14T09:55:33.0141116+08:00 path=/open-apis/authen/v2/oauth/token status=400 x-tt-logid=202606140955374A3BCBD456CBBE5E3574 cmdline=C:\Users\jt\.workbuddy\binaries\node\workspace\node_modules\@larksuite\cli\bin\lark-cli.exe auth login ...
[lark-cli] auth-response: time=2026-06-14T09:55:38.0857383+08:00 path=/open-apis/authen/v2/oauth/token status=400 x-tt-logid=2026061409554202B5BC1186E8E07101C9 cmdline=C:\Users\jt\.workbuddy\binaries\node\workspace\node_modules\@larksuite\cli\bin\lark-cli.exe auth login ...
[lark-cli] auth-response: time=2026-06-14T09:55:43.1508425+08:00 path=/open-apis/authen/v2/oauth/token status=400 x-tt-logid=20260614095547D20E7ACCC905466B27B2 cmdline=C:\Users\jt\.workbuddy\binaries\node\workspace\node_modules\@larksuite\cli\bin\lark-cli.exe auth login ...
[lark-cli] auth-response: time=2026-06-14T09:55:48.2101254+08:00 path=/open-apis/authen/v2/oauth/token status=400 x-tt-logid=202606140955522AB4303907C83D5BCDAE cmdline=C:\Users\jt\.workbuddy\binaries\node\workspace\node_modules\@larksuite\cli\bin\lark-cli.exe auth login ...
[lark-cli] auth-response: time=2026-06-14T09:55:53.284482+08:00 path=/open-apis/authen/v2/oauth/token status=400 x-tt-logid=202606140955579457FD6D0F46025BA61E cmdline=C:\Users\jt\.workbuddy\binaries\node\workspace\node_modules\@larksuite\cli\bin\lark-cli.exe auth login ...
[lark-cli] auth-response: time=2026-06-14T09:55:58.3564964+08:00 path=/open-apis/authen/v2/oauth/token status=400 x-tt-logid=20260614095602F1E8A94A681397694765 cmdline=C:\Users\jt\.workbuddy\binaries\node\workspace\node_modules\@larksuite\cli\bin\lark-cli.exe auth login ...
[lark-cli] auth-response: time=2026-06-14T09:56:03.4345627+08:00 path=/open-apis/authen/v2/oauth/token status=400 x-tt-logid=20260614095607B67D06F5048DEB7013BD cmdline=C:\Users\jt\.workbuddy\binaries\node\workspace\node_modules\@larksuite\cli\bin\lark-cli.exe auth login ...
[lark-cli] auth-response: time=2026-06-14T09:56:08.5097946+08:00 path=/open-apis/authen/v2/oauth/token status=400 x-tt-logid=20260614095612317B1558BFC59373A758 cmdline=C:\Users\jt\.workbuddy\binaries\node\workspace\node_modules\@larksuite\cli\bin\lark-cli.exe auth login ...
[lark-cli] auth-response: time=2026-06-14T09:56:13.574351+08:00 path=/open-apis/authen/v2/oauth/token status=400 x-tt-logid=202606140956180E31451DDE29605E8E49 cmdline=C:\Users\jt\.workbuddy\binaries\node\workspace\node_modules\@larksuite\cli\bin\lark-cli.exe auth login ...
[lark-cli] auth-response: time=2026-06-14T09:56:18.6479975+08:00 path=/open-apis/authen/v2/oauth/token status=400 x-tt-logid=20260614095623F40DDCDA56DE5366574C cmdline=C:\Users\jt\.workbuddy\binaries\node\workspace\node_modules\@larksuite\cli\bin\lark-cli.exe auth login ...
[lark-cli] auth-response: time=2026-06-14T09:56:23.7298212+08:00 path=/open-apis/authen/v2/oauth/token status=400 x-tt-logid=202606140956289BC0F1E1BBE488DAF0EB cmdline=C:\Users\jt\.workbuddy\binaries\node\workspace\node_modules\@larksuite\cli\bin\lark-cli.exe auth login ...
[lark-cli] auth-response: time=2026-06-14T09:56:28.7927243+08:00 path=/open-apis/authen/v2/oauth/token status=400 x-tt-logid=20260614095633287BE7EFB4133460E15A cmdline=C:\Users\jt\.workbuddy\binaries\node\workspace\node_modules\@larksuite\cli\bin\lark-cli.exe auth login ...
[lark-cli] auth-response: time=2026-06-14T09:56:33.8643479+08:00 path=/open-apis/authen/v2/oauth/token status=400 x-tt-logid=20260614095638125561EFE236F969A240 cmdline=C:\Users\jt\.workbuddy\binaries\node\workspace\node_modules\@larksuite\cli\bin\lark-cli.exe auth login ...
[lark-cli] auth-response: time=2026-06-14T09:56:38.9417458+08:00 path=/open-apis/authen/v2/oauth/token status=400 x-tt-logid=202606140956436A82974248642B7004E4 cmdline=C:\Users\jt\.workbuddy\binaries\node\workspace\node_modules\@larksuite\cli\bin\lark-cli.exe auth login ...
[lark-cli] auth-response: time=2026-06-14T09:56:43.998229+08:00 path=/open-apis/authen/v2/oauth/token status=400 x-tt-logid=202606140956486A889BC876A6756FE546 cmdline=C:\Users\jt\.workbuddy\binaries\node\workspace\node_modules\@larksuite\cli\bin\lark-cli.exe auth login ...
[lark-cli] auth-response: time=2026-06-14T09:56:49.0687759+08:00 path=/open-apis/authen/v2/oauth/token status=400 x-tt-logid=20260614095653287BE7EFB4133460E8EB cmdline=C:\Users\jt\.workbuddy\binaries\node\workspace\node_modules\@larksuite\cli\bin\lark-cli.exe auth login ...
[lark-cli] auth-response: time=2026-06-14T09:56:54.1269591+08:00 path=/open-apis/authen/v2/oauth/token status=400 x-tt-logid=20260614095658287BE7EFB4133460EAC0 cmdline=C:\Users\jt\.workbuddy\binaries\node\workspace\node_modules\@larksuite\cli\bin\lark-cli.exe auth login ...
[lark-cli] auth-response: time=2026-06-14T09:56:59.2046134+08:00 path=/open-apis/authen/v2/oauth/token status=400 x-tt-logid=20260614095703DD5D8ACF1017D26145AD cmdline=C:\Users\jt\.workbuddy\binaries\node\workspace\node_modules\@larksuite\cli\bin\lark-cli.exe auth login ...
[lark-cli] auth-response: time=2026-06-14T09:57:04.2627984+08:00 path=/open-apis/authen/v2/oauth/token status=400 x-tt-logid=20260614095708DD5D8ACF1017D26147BD cmdline=C:\Users\jt\.workbuddy\binaries\node\workspace\node_modules\@larksuite\cli\bin\lark-cli.exe auth login ...
[lark-cli] auth-response: time=2026-06-14T09:57:09.3467016+08:00 path=/open-apis/authen/v2/oauth/token status=400 x-tt-logid=20260614095713A83B817E22256A6DA215 cmdline=C:\Users\jt\.workbuddy\binaries\node\workspace\node_modules\@larksuite\cli\bin\lark-cli.exe auth login ...
[lark-cli] auth-response: time=2026-06-14T09:57:14.6125941+08:00 path=/open-apis/authen/v2/oauth/token status=200 x-tt-logid=2026061409571854562D818D82647CDC4D cmdline=C:\Users\jt\.workbuddy\binaries\node\workspace\node_modules\@larksuite\cli\bin\lark-cli.exe auth login ...
[lark-cli] auth-response: time=2026-06-14T13:22:40.1725001+08:00 path=/open-apis/authen/v2/oauth/token status=200 x-tt-logid=202606141322452AB4303907C83D6C09EF cmdline=C:\Users\jt\.workbuddy\binaries\node\workspace\node_modules\@larksuite\cli\bin\lark-cli.exe base +record-list ...
[lark-cli] auth-response: time=2026-06-14T15:39:18.6914522+08:00 path=/open-apis/authen/v2/oauth/token status=200 x-tt-logid=202606141539185987FE1BF4EF7F859F60 cmdline=C:\Users\jt\.workbuddy\binaries\node\workspace\node_modules\@larksuite\cli\bin\lark-cli.exe docs +create ...
